Using pre-set license
Built from '2022.3/staging' branch; Version is '2022.3.47f1 (88c277b85d21) revision 8962679'; Using compiler version '192829333'; Build Type 'Release'
OS: 'Windows 11  (10.0.22631) 64bit Core' Language: 'en' Physical Memory: 16258 MB
BatchMode: 1, IsHumanControllingUs: 0, StartBugReporterOnCrash: 0, Is64bit: 1, IsPro: 1

COMMAND LINE ARGUMENTS:
C:\Program Files\Unity\Hub\Editor\2022.3.47f1\Editor\Unity.exe
-adb2
-batchMode
-noUpm
-name
AssetImportWorker2
-projectPath
C:/Users/arago/Documents/P.P/Panini-Pillar--Project-/CA1
-logFile
Logs/AssetImportWorker2.log
-srvPort
58872
Successfully changed project path to: C:/Users/arago/Documents/P.P/Panini-Pillar--Project-/CA1
C:/Users/arago/Documents/P.P/Panini-Pillar--Project-/CA1
[UnityMemory] Configuration Parameters - Can be set up in boot.config
    "memorysetup-bucket-allocator-granularity=16"
    "memorysetup-bucket-allocator-bucket-count=8"
    "memorysetup-bucket-allocator-block-size=33554432"
    "memorysetup-bucket-allocator-block-count=8"
    "memorysetup-main-allocator-block-size=16777216"
    "memorysetup-thread-allocator-block-size=16777216"
    "memorysetup-gfx-main-allocator-block-size=16777216"
    "memorysetup-gfx-thread-allocator-block-size=16777216"
    "memorysetup-cache-allocator-block-size=4194304"
    "memorysetup-typetree-allocator-block-size=2097152"
    "memorysetup-profiler-bucket-allocator-granularity=16"
    "memorysetup-profiler-bucket-allocator-bucket-count=8"
    "memorysetup-profiler-bucket-allocator-block-size=33554432"
    "memorysetup-profiler-bucket-allocator-block-count=8"
    "memorysetup-profiler-allocator-block-size=16777216"
    "memorysetup-profiler-editor-allocator-block-size=1048576"
    "memorysetup-temp-allocator-size-main=16777216"
    "memorysetup-job-temp-allocator-block-size=2097152"
    "memorysetup-job-temp-allocator-block-size-background=1048576"
    "memorysetup-job-temp-allocator-reduction-small-platforms=262144"
    "memorysetup-allocator-temp-initial-block-size-main=262144"
    "memorysetup-allocator-temp-initial-block-size-worker=262144"
    "memorysetup-temp-allocator-size-background-worker=32768"
    "memorysetup-temp-allocator-size-job-worker=262144"
    "memorysetup-temp-allocator-size-preload-manager=33554432"
    "memorysetup-temp-allocator-size-nav-mesh-worker=65536"
    "memorysetup-temp-allocator-size-audio-worker=65536"
    "memorysetup-temp-allocator-size-cloud-worker=32768"
    "memorysetup-temp-allocator-size-gi-baking-worker=262144"
    "memorysetup-temp-allocator-size-gfx=262144"
Player connection [12588]  Target information:

Player connection [12588]  * "[IP] 192.168.206.55 [Port] 0 [Flags] 2 [Guid] 244587227 [EditorId] 244587227 [Version] 1048832 [Id] WindowsEditor(7,Diamond_Dude19) [Debug] 1 [PackageName] WindowsEditor [ProjectName] Editor" 

Player connection [12588]  * "[IP] 192.168.137.1 [Port] 0 [Flags] 2 [Guid] 244587227 [EditorId] 244587227 [Version] 1048832 [Id] WindowsEditor(7,Diamond_Dude19) [Debug] 1 [PackageName] WindowsEditor [ProjectName] Editor" 

Player connection [12588] Host joined multi-casting on [225.0.0.222:54997]...
Player connection [12588] Host joined alternative multi-casting on [225.0.0.222:34997]...
[PhysX] Initialized MultithreadedTaskDispatcher with 12 workers.
Refreshing native plugins compatible for Editor in 19.20 ms, found 4 plugins.
Preloading 0 native plugins for Editor in 0.00 ms.
Initialize engine version: 2022.3.47f1 (88c277b85d21)
[Subsystems] Discovering subsystems at path C:/Program Files/Unity/Hub/Editor/2022.3.47f1/Editor/Data/Resources/UnitySubsystems
[Subsystems] Discovering subsystems at path C:/Users/arago/Documents/P.P/Panini-Pillar--Project-/CA1/Assets
GfxDevice: creating device client; threaded=0; jobified=0
Direct3D:
    Version:  Direct3D 11.0 [level 11.1]
    Renderer: NVIDIA GeForce GTX 1660 Ti (ID=0x2191)
    Vendor:   NVIDIA
    VRAM:     5966 MB
    Driver:   32.0.15.6094
Initialize mono
Mono path[0] = 'C:/Program Files/Unity/Hub/Editor/2022.3.47f1/Editor/Data/Managed'
Mono path[1] = 'C:/Program Files/Unity/Hub/Editor/2022.3.47f1/Editor/Data/MonoBleedingEdge/lib/mono/unityjit-win32'
Mono config path = 'C:/Program Files/Unity/Hub/Editor/2022.3.47f1/Editor/Data/MonoBleedingEdge/etc'
Using monoOptions --debugger-agent=transport=dt_socket,embedding=1,server=y,suspend=n,address=127.0.0.1:56656
Begin MonoManager ReloadAssembly
Registering precompiled unity dll's ...
Register platform support module: C:/Program Files/Unity/Hub/Editor/2022.3.47f1/Editor/Data/PlaybackEngines/WindowsStandaloneSupport/UnityEditor.WindowsStandalone.Extensions.dll
Registered in 0.011543 seconds.
- Loaded All Assemblies, in  0.473 seconds
Native extension for WindowsStandalone target not found
Mono: successfully reloaded assembly
- Finished resetting the current domain, in  0.314 seconds
Domain Reload Profiling: 784ms
	BeginReloadAssembly (180ms)
		ExecutionOrderSort (0ms)
		DisableScriptedObjects (0ms)
		BackupInstance (0ms)
		ReleaseScriptingObjects (0ms)
		CreateAndSetChildDomain (1ms)
	RebuildCommonClasses (41ms)
	RebuildNativeTypeToScriptingClass (13ms)
	initialDomainReloadingComplete (74ms)
	LoadAllAssembliesAndSetupDomain (161ms)
		LoadAssemblies (177ms)
		RebuildTransferFunctionScriptingTraits (0ms)
		AnalyzeDomain (158ms)
			TypeCache.Refresh (157ms)
				TypeCache.ScanAssembly (142ms)
			ScanForSourceGeneratedMonoScriptInfo (0ms)
			ResolveRequiredComponents (0ms)
	FinalizeReload (315ms)
		ReleaseScriptCaches (0ms)
		RebuildScriptCaches (0ms)
		SetupLoadedEditorAssemblies (256ms)
			LogAssemblyErrors (0ms)
			InitializePlatformSupportModulesInManaged (12ms)
			SetLoadedEditorAssemblies (8ms)
			RefreshPlugins (0ms)
			BeforeProcessingInitializeOnLoad (2ms)
			ProcessInitializeOnLoadAttributes (178ms)
			ProcessInitializeOnLoadMethodAttributes (56ms)
			AfterProcessingInitializeOnLoad (0ms)
			EditorAssembliesLoaded (0ms)
		ExecutionOrderSort2 (0ms)
		AwakeInstancesAfterBackupRestoration (0ms)
========================================================================
Worker process is ready to serve import requests
Caller must complete domain reload
Begin MonoManager ReloadAssembly
- Loaded All Assemblies, in  0.762 seconds
Native extension for WindowsStandalone target not found
Package Manager log level set to [2]
[Package Manager] Server::EnsureServerProcessIsRunning -- launch failed, reason: Unity was launched with the -noUpm command-line argument
[Package Manager] UpmClient::Send -- Unable to send message (not connected to UPM process).
[Package Manager] Cannot connect to Unity Package Manager local server
Mono: successfully reloaded assembly
- Finished resetting the current domain, in  0.850 seconds
Domain Reload Profiling: 1607ms
	BeginReloadAssembly (175ms)
		ExecutionOrderSort (0ms)
		DisableScriptedObjects (7ms)
		BackupInstance (0ms)
		ReleaseScriptingObjects (0ms)
		CreateAndSetChildDomain (24ms)
	RebuildCommonClasses (37ms)
	RebuildNativeTypeToScriptingClass (16ms)
	initialDomainReloadingComplete (50ms)
	LoadAllAssembliesAndSetupDomain (478ms)
		LoadAssemblies (368ms)
		RebuildTransferFunctionScriptingTraits (0ms)
		AnalyzeDomain (217ms)
			TypeCache.Refresh (185ms)
				TypeCache.ScanAssembly (165ms)
			ScanForSourceGeneratedMonoScriptInfo (23ms)
			ResolveRequiredComponents (7ms)
	FinalizeReload (851ms)
		ReleaseScriptCaches (0ms)
		RebuildScriptCaches (0ms)
		SetupLoadedEditorAssemblies (679ms)
			LogAssemblyErrors (0ms)
			InitializePlatformSupportModulesInManaged (8ms)
			SetLoadedEditorAssemblies (4ms)
			RefreshPlugins (0ms)
			BeforeProcessingInitializeOnLoad (125ms)
			ProcessInitializeOnLoadAttributes (493ms)
			ProcessInitializeOnLoadMethodAttributes (36ms)
			AfterProcessingInitializeOnLoad (12ms)
			EditorAssembliesLoaded (0ms)
		ExecutionOrderSort2 (0ms)
		AwakeInstancesAfterBackupRestoration (14ms)
Launched and connected shader compiler UnityShaderCompiler.exe after 0.06 seconds
Refreshing native plugins compatible for Editor in 6.50 ms, found 4 plugins.
Preloading 0 native plugins for Editor in 0.00 ms.
Unloading 4046 Unused Serialized files (Serialized files now loaded: 0)
Unloading 32 unused Assets / (57.1 KB). Loaded Objects now: 4516.
Memory consumption went from 144.6 MB to 144.6 MB.
Total: 3.705200 ms (FindLiveObjects: 0.300900 ms CreateObjectMapping: 0.237200 ms MarkObjects: 3.062800 ms  DeleteObjects: 0.103400 ms)

AssetImportParameters requested are different than current active one (requested -> active):
  custom:container-demuxer-ogg: 62fdf1f143b41e24485cea50d1cbac27 -> 
  custom:video-codec-MediaFoundation-h265: 746d11721c4dcdbdad8f713fa42b33f4 -> 
  custom:video-decoder-ogg-theora: a1e56fd34408186e4bbccfd4996cb3dc -> 
  custom:framework-win-MediaFoundation: 216162199b28c13a410421893ffa2e32 -> 
  custom:CustomObjectIndexerAttribute: 9a22284fe3817be447336de3de66b15e -> 
  custom:container-demuxer-webm: 4f35f7cbe854078d1ac9338744f61a02 -> 
  custom:container-muxer-webm: aa71ff27fc2769a1b78a27578f13a17b -> 
  custom:video-decoder-webm-vp8: 9c59270c3fd7afecdb556c50c9e8de78 -> 
  custom:SearchIndexIgnoredProperties: e643bd26f0fe6173181afceb89e7c659 -> 
  custom:AudioImporter_EditorPlatform: d09bf68614088b80899f8185d706f6e7 -> 
  custom:video-encoder-webm-vp8: eb34c28f22e8b96e1ab97ce403110664 -> 
  custom:audio-decoder-ogg-vorbis: bf7c407c2cedff20999df2af8eb42d56 -> 
  custom:audio-encoder-webm-vorbis: bf7c407c2cedff20999df2af8eb42d56 -> 
========================================================================
Received Import Request.
  Time since last request: 688935.883687 seconds.
  path: Assets/objects/Charsprites/idle2/3hpidle_00.png
  artifactKey: Guid(0264dad2a137ae74ab98560186c421d1) Importer(815301076,1909f56bfc062723c751e8b465ee728b)
Start importing Assets/objects/Charsprites/idle2/3hpidle_00.png using Guid(0264dad2a137ae74ab98560186c421d1) Importer(815301076,1909f56bfc062723c751e8b465ee728b) [PhysX] Initialized MultithreadedTaskDispatcher with 12 workers.
[PhysX] Initialized MultithreadedTaskDispatcher with 12 workers.
 -> (artifact id: 'f8ccccab5fabfa07cb98cf988cd233a1') in 0.178845 seconds
Number of updated asset objects reloaded before import = 0
Number of asset objects unloaded after import = 3
========================================================================
Received Import Request.
  Time since last request: 0.000028 seconds.
  path: Assets/objects/Charsprites/Taunts/breakdancesuper_05.png
  artifactKey: Guid(692499076178bc744b07bffadb7adad7) Importer(815301076,1909f56bfc062723c751e8b465ee728b)
Start importing Assets/objects/Charsprites/Taunts/breakdancesuper_05.png using Guid(692499076178bc744b07bffadb7adad7) Importer(815301076,1909f56bfc062723c751e8b465ee728b) [PhysX] Initialized MultithreadedTaskDispatcher with 12 workers.
[PhysX] Initialized MultithreadedTaskDispatcher with 12 workers.
 -> (artifact id: '051409842ef2b01584bfa24e75cdc2f7') in 0.019992 seconds
Number of updated asset objects reloaded before import = 0
Number of asset objects unloaded after import = 3
========================================================================
Received Import Request.
  Time since last request: 0.000032 seconds.
  path: Assets/objects/Charsprites/Taunts/breakdancesuper_02.png
  artifactKey: Guid(302aae1cc9c605440814cac6ecac7b88) Importer(815301076,1909f56bfc062723c751e8b465ee728b)
Start importing Assets/objects/Charsprites/Taunts/breakdancesuper_02.png using Guid(302aae1cc9c605440814cac6ecac7b88) Importer(815301076,1909f56bfc062723c751e8b465ee728b) [PhysX] Initialized MultithreadedTaskDispatcher with 12 workers.
[PhysX] Initialized MultithreadedTaskDispatcher with 12 workers.
 -> (artifact id: 'cf6a241a4ec8d0e1352262c40ed22c74') in 0.023535 seconds
Number of updated asset objects reloaded before import = 0
Number of asset objects unloaded after import = 3
========================================================================
Received Import Request.
  Time since last request: 0.000023 seconds.
  path: Assets/objects/Charsprites/idle2/3hpidle_09.png
  artifactKey: Guid(ae88ca143e17bd14e8b1683b127bd254) Importer(815301076,1909f56bfc062723c751e8b465ee728b)
Start importing Assets/objects/Charsprites/idle2/3hpidle_09.png using Guid(ae88ca143e17bd14e8b1683b127bd254) Importer(815301076,1909f56bfc062723c751e8b465ee728b) [PhysX] Initialized MultithreadedTaskDispatcher with 12 workers.
[PhysX] Initialized MultithreadedTaskDispatcher with 12 workers.
 -> (artifact id: '303a473cbdf0c8b8b953bb3aa2533e93') in 0.013734 seconds
Number of updated asset objects reloaded before import = 0
Number of asset objects unloaded after import = 3
========================================================================
Received Import Request.
  Time since last request: 0.000021 seconds.
  path: Assets/objects/Charsprites/Taunts/breakdanceold_01.png
  artifactKey: Guid(83fb8d3fe8325e74a9b51593756f698b) Importer(815301076,1909f56bfc062723c751e8b465ee728b)
Start importing Assets/objects/Charsprites/Taunts/breakdanceold_01.png using Guid(83fb8d3fe8325e74a9b51593756f698b) Importer(815301076,1909f56bfc062723c751e8b465ee728b) [PhysX] Initialized MultithreadedTaskDispatcher with 12 workers.
[PhysX] Initialized MultithreadedTaskDispatcher with 12 workers.
 -> (artifact id: '3175059c6f23c85e1a152bea6bb51262') in 0.010127 seconds
Number of updated asset objects reloaded before import = 0
Number of asset objects unloaded after import = 3
========================================================================
Received Import Request.
  Time since last request: 0.000015 seconds.
  path: Assets/objects/Charsprites/Taunts/breakdancesuper_06.png
  artifactKey: Guid(cc0f88bb40f967c4f8560f0f9f8e1d66) Importer(815301076,1909f56bfc062723c751e8b465ee728b)
Start importing Assets/objects/Charsprites/Taunts/breakdancesuper_06.png using Guid(cc0f88bb40f967c4f8560f0f9f8e1d66) Importer(815301076,1909f56bfc062723c751e8b465ee728b) [PhysX] Initialized MultithreadedTaskDispatcher with 12 workers.
[PhysX] Initialized MultithreadedTaskDispatcher with 12 workers.
 -> (artifact id: 'dfee7d884e7b03be102a0975e3e057d1') in 0.013361 seconds
Number of updated asset objects reloaded before import = 0
Number of asset objects unloaded after import = 3
========================================================================
Received Import Request.
  Time since last request: 0.000023 seconds.
  path: Assets/objects/Charsprites/idle2/3hpidle_05.png
  artifactKey: Guid(b01b400a5e797494eb4cc98929ebd9c3) Importer(815301076,1909f56bfc062723c751e8b465ee728b)
Start importing Assets/objects/Charsprites/idle2/3hpidle_05.png using Guid(b01b400a5e797494eb4cc98929ebd9c3) Importer(815301076,1909f56bfc062723c751e8b465ee728b) [PhysX] Initialized MultithreadedTaskDispatcher with 12 workers.
[PhysX] Initialized MultithreadedTaskDispatcher with 12 workers.
 -> (artifact id: '24ce5af1ca2dda2873566a1e4c6885f1') in 0.011066 seconds
Number of updated asset objects reloaded before import = 0
Number of asset objects unloaded after import = 3
========================================================================
Received Import Request.
  Time since last request: 0.000019 seconds.
  path: Assets/objects/Charsprites/Taunts/breakdancesuper_04.png
  artifactKey: Guid(37c9d74a3818f204d86674576cf9ef6c) Importer(815301076,1909f56bfc062723c751e8b465ee728b)
Start importing Assets/objects/Charsprites/Taunts/breakdancesuper_04.png using Guid(37c9d74a3818f204d86674576cf9ef6c) Importer(815301076,1909f56bfc062723c751e8b465ee728b) [PhysX] Initialized MultithreadedTaskDispatcher with 12 workers.
[PhysX] Initialized MultithreadedTaskDispatcher with 12 workers.
 -> (artifact id: '86e65a3b4247f4c514b87b8ff0feccd0') in 0.010019 seconds
Number of updated asset objects reloaded before import = 0
Number of asset objects unloaded after import = 3
========================================================================
Received Import Request.
  Time since last request: 0.000020 seconds.
  path: Assets/objects/Charsprites/idle2/3hpidle_04.png
  artifactKey: Guid(54c62d88e0da8e94faa11a665cd1ad61) Importer(815301076,1909f56bfc062723c751e8b465ee728b)
Start importing Assets/objects/Charsprites/idle2/3hpidle_04.png using Guid(54c62d88e0da8e94faa11a665cd1ad61) Importer(815301076,1909f56bfc062723c751e8b465ee728b) [PhysX] Initialized MultithreadedTaskDispatcher with 12 workers.
[PhysX] Initialized MultithreadedTaskDispatcher with 12 workers.
 -> (artifact id: '70aba092b1ec3714e496f30fcf14c651') in 0.011735 seconds
Number of updated asset objects reloaded before import = 0
Number of asset objects unloaded after import = 3
========================================================================
Received Import Request.
  Time since last request: 0.000024 seconds.
  path: Assets/objects/Charsprites/Taunts/breakdancestart_04.png
  artifactKey: Guid(a8dc032cf8984a148ac3717e182f14ff) Importer(815301076,1909f56bfc062723c751e8b465ee728b)
Start importing Assets/objects/Charsprites/Taunts/breakdancestart_04.png using Guid(a8dc032cf8984a148ac3717e182f14ff) Importer(815301076,1909f56bfc062723c751e8b465ee728b) [PhysX] Initialized MultithreadedTaskDispatcher with 12 workers.
[PhysX] Initialized MultithreadedTaskDispatcher with 12 workers.
 -> (artifact id: 'a92ead17306e2ba2167d25b7ebf21e2f') in 0.012296 seconds
Number of updated asset objects reloaded before import = 0
Number of asset objects unloaded after import = 3
========================================================================
Received Import Request.
  Time since last request: 0.000024 seconds.
  path: Assets/objects/Charsprites/idle2/3hpidle_06.png
  artifactKey: Guid(4166ee5547758c644b484557781a7e59) Importer(815301076,1909f56bfc062723c751e8b465ee728b)
Start importing Assets/objects/Charsprites/idle2/3hpidle_06.png using Guid(4166ee5547758c644b484557781a7e59) Importer(815301076,1909f56bfc062723c751e8b465ee728b) [PhysX] Initialized MultithreadedTaskDispatcher with 12 workers.
[PhysX] Initialized MultithreadedTaskDispatcher with 12 workers.
 -> (artifact id: '34ef4e822f7070812568d1f61763ed48') in 0.011049 seconds
Number of updated asset objects reloaded before import = 0
Number of asset objects unloaded after import = 3
========================================================================
Received Import Request.
  Time since last request: 0.000019 seconds.
  path: Assets/objects/Charsprites/Taunts/breakdancesuper_00.png
  artifactKey: Guid(c0b1672237e822b4cae5aec5827873c3) Importer(815301076,1909f56bfc062723c751e8b465ee728b)
Start importing Assets/objects/Charsprites/Taunts/breakdancesuper_00.png using Guid(c0b1672237e822b4cae5aec5827873c3) Importer(815301076,1909f56bfc062723c751e8b465ee728b) [PhysX] Initialized MultithreadedTaskDispatcher with 12 workers.
[PhysX] Initialized MultithreadedTaskDispatcher with 12 workers.
 -> (artifact id: '40b248453063775da9ac114d36a89e09') in 0.010642 seconds
Number of updated asset objects reloaded before import = 0
Number of asset objects unloaded after import = 3
========================================================================
Received Import Request.
  Time since last request: 0.000016 seconds.
  path: Assets/objects/collectables/Baconcollectible.png
  artifactKey: Guid(ba4339dbd751b1046906dedf60ac4323) Importer(815301076,1909f56bfc062723c751e8b465ee728b)
Start importing Assets/objects/collectables/Baconcollectible.png using Guid(ba4339dbd751b1046906dedf60ac4323) Importer(815301076,1909f56bfc062723c751e8b465ee728b) [PhysX] Initialized MultithreadedTaskDispatcher with 12 workers.
[PhysX] Initialized MultithreadedTaskDispatcher with 12 workers.
 -> (artifact id: 'dda5963f9536cee1ac1adb05520cac00') in 0.010820 seconds
Number of updated asset objects reloaded before import = 0
Number of asset objects unloaded after import = 3
========================================================================
Received Import Request.
  Time since last request: 0.000022 seconds.
  path: Assets/objects/Charsprites/Taunts/breakdancesuper_03.png
  artifactKey: Guid(eb8e246e85b8a2b468c848c39c41677b) Importer(815301076,1909f56bfc062723c751e8b465ee728b)
Start importing Assets/objects/Charsprites/Taunts/breakdancesuper_03.png using Guid(eb8e246e85b8a2b468c848c39c41677b) Importer(815301076,1909f56bfc062723c751e8b465ee728b) [PhysX] Initialized MultithreadedTaskDispatcher with 12 workers.
[PhysX] Initialized MultithreadedTaskDispatcher with 12 workers.
 -> (artifact id: '1bc8ae98d56bef4a34d06d00bb15cb48') in 0.012692 seconds
Number of updated asset objects reloaded before import = 0
Number of asset objects unloaded after import = 3
========================================================================
Received Import Request.
  Time since last request: 0.614671 seconds.
  path: Assets/objects/Charsprites/mach 4/crazyrun_00.png
  artifactKey: Guid(65db164d57aa74e4d9b5017200c4ef8d) Importer(815301076,1909f56bfc062723c751e8b465ee728b)
Start importing Assets/objects/Charsprites/mach 4/crazyrun_00.png using Guid(65db164d57aa74e4d9b5017200c4ef8d) Importer(815301076,1909f56bfc062723c751e8b465ee728b) [PhysX] Initialized MultithreadedTaskDispatcher with 12 workers.
[PhysX] Initialized MultithreadedTaskDispatcher with 12 workers.
 -> (artifact id: '9d4544fe8354fa5e5b41b4e832590122') in 0.010725 seconds
Number of updated asset objects reloaded before import = 0
Number of asset objects unloaded after import = 3
========================================================================
Received Import Request.
  Time since last request: 0.000016 seconds.
  path: Assets/objects/Charsprites/mach 4/crazyrun_02.png
  artifactKey: Guid(bd238f63720b9344a984c4d1fec881be) Importer(815301076,1909f56bfc062723c751e8b465ee728b)
Start importing Assets/objects/Charsprites/mach 4/crazyrun_02.png using Guid(bd238f63720b9344a984c4d1fec881be) Importer(815301076,1909f56bfc062723c751e8b465ee728b) [PhysX] Initialized MultithreadedTaskDispatcher with 12 workers.
[PhysX] Initialized MultithreadedTaskDispatcher with 12 workers.
 -> (artifact id: '2ec58ab2b84f7d6ec3a8a40a17b2cab0') in 0.012350 seconds
Number of updated asset objects reloaded before import = 0
Number of asset objects unloaded after import = 3
========================================================================
Received Import Request.
  Time since last request: 0.000016 seconds.
  path: Assets/objects/Charsprites/mach 4/crazyrun_05.png
  artifactKey: Guid(ad50845fc6841eb45803efe97e18128a) Importer(815301076,1909f56bfc062723c751e8b465ee728b)
Start importing Assets/objects/Charsprites/mach 4/crazyrun_05.png using Guid(ad50845fc6841eb45803efe97e18128a) Importer(815301076,1909f56bfc062723c751e8b465ee728b) [PhysX] Initialized MultithreadedTaskDispatcher with 12 workers.
[PhysX] Initialized MultithreadedTaskDispatcher with 12 workers.
 -> (artifact id: 'b45c5240547174a9e25c2e6420e2fcbf') in 0.008813 seconds
Number of updated asset objects reloaded before import = 0
Number of asset objects unloaded after import = 3
========================================================================
Received Import Request.
  Time since last request: 0.000021 seconds.
  path: Assets/objects/Charsprites/mach 4/crazyrun_04.png
  artifactKey: Guid(e76bccce44e1e3147bda255175256bc8) Importer(815301076,1909f56bfc062723c751e8b465ee728b)
Start importing Assets/objects/Charsprites/mach 4/crazyrun_04.png using Guid(e76bccce44e1e3147bda255175256bc8) Importer(815301076,1909f56bfc062723c751e8b465ee728b) [PhysX] Initialized MultithreadedTaskDispatcher with 12 workers.
[PhysX] Initialized MultithreadedTaskDispatcher with 12 workers.
 -> (artifact id: '84570ff40b60292c8f2aaf1547c31162') in 0.009491 seconds
Number of updated asset objects reloaded before import = 0
Number of asset objects unloaded after import = 3
========================================================================
Received Import Request.
  Time since last request: 0.000030 seconds.
  path: Assets/objects/Charsprites/mach 4/crazyrun_03.png
  artifactKey: Guid(1728e077177b76e4fb76819eb187455b) Importer(815301076,1909f56bfc062723c751e8b465ee728b)
Start importing Assets/objects/Charsprites/mach 4/crazyrun_03.png using Guid(1728e077177b76e4fb76819eb187455b) Importer(815301076,1909f56bfc062723c751e8b465ee728b) [PhysX] Initialized MultithreadedTaskDispatcher with 12 workers.
[PhysX] Initialized MultithreadedTaskDispatcher with 12 workers.
 -> (artifact id: '4531a56e568c25796c386e704815527d') in 0.010458 seconds
Number of updated asset objects reloaded before import = 0
Number of asset objects unloaded after import = 3
========================================================================
Received Import Request.
  Time since last request: 0.009891 seconds.
  path: Assets/objects/Charsprites/idle4/hurtidle_00.png
  artifactKey: Guid(be925a412f4ece244820f642c28ae529) Importer(815301076,1909f56bfc062723c751e8b465ee728b)
Start importing Assets/objects/Charsprites/idle4/hurtidle_00.png using Guid(be925a412f4ece244820f642c28ae529) Importer(815301076,1909f56bfc062723c751e8b465ee728b) [PhysX] Initialized MultithreadedTaskDispatcher with 12 workers.
[PhysX] Initialized MultithreadedTaskDispatcher with 12 workers.
 -> (artifact id: '3ceef0fca0360c2ad30c17765f526f96') in 0.009897 seconds
Number of updated asset objects reloaded before import = 0
Number of asset objects unloaded after import = 3
========================================================================
Received Import Request.
  Time since last request: 0.000014 seconds.
  path: Assets/objects/Charsprites/idle4/hurtidle_09.png
  artifactKey: Guid(95d9d5f2ec3bb7e4e8cb257f8c88a0a1) Importer(815301076,1909f56bfc062723c751e8b465ee728b)
Start importing Assets/objects/Charsprites/idle4/hurtidle_09.png using Guid(95d9d5f2ec3bb7e4e8cb257f8c88a0a1) Importer(815301076,1909f56bfc062723c751e8b465ee728b) [PhysX] Initialized MultithreadedTaskDispatcher with 12 workers.
[PhysX] Initialized MultithreadedTaskDispatcher with 12 workers.
 -> (artifact id: 'a907e6685acdbf92c635c651fcc52ff0') in 0.009761 seconds
Number of updated asset objects reloaded before import = 0
Number of asset objects unloaded after import = 3
========================================================================
Received Import Request.
  Time since last request: 0.000083 seconds.
  path: Assets/objects/Charsprites/idle4/hurtidle_05.png
  artifactKey: Guid(be51755de3a0a67419fa615faea04532) Importer(815301076,1909f56bfc062723c751e8b465ee728b)
Start importing Assets/objects/Charsprites/idle4/hurtidle_05.png using Guid(be51755de3a0a67419fa615faea04532) Importer(815301076,1909f56bfc062723c751e8b465ee728b) [PhysX] Initialized MultithreadedTaskDispatcher with 12 workers.
[PhysX] Initialized MultithreadedTaskDispatcher with 12 workers.
 -> (artifact id: '2ca141fa44c8e8e3697819b5a95ede10') in 0.011238 seconds
Number of updated asset objects reloaded before import = 0
Number of asset objects unloaded after import = 3
========================================================================
Received Import Request.
  Time since last request: 0.000018 seconds.
  path: Assets/objects/Charsprites/idle4/hurtidle_08.png
  artifactKey: Guid(b2e99c743998f014a8d5fa03a88497a4) Importer(815301076,1909f56bfc062723c751e8b465ee728b)
Start importing Assets/objects/Charsprites/idle4/hurtidle_08.png using Guid(b2e99c743998f014a8d5fa03a88497a4) Importer(815301076,1909f56bfc062723c751e8b465ee728b) [PhysX] Initialized MultithreadedTaskDispatcher with 12 workers.
[PhysX] Initialized MultithreadedTaskDispatcher with 12 workers.
 -> (artifact id: '4c2b00ad7baed185f897a46933a40db8') in 0.008482 seconds
Number of updated asset objects reloaded before import = 0
Number of asset objects unloaded after import = 3
========================================================================
Received Import Request.
  Time since last request: 0.000017 seconds.
  path: Assets/objects/Charsprites/idle4/hurtidle_13_15.png
  artifactKey: Guid(103e4a9898dbe08409bfaf598900181f) Importer(815301076,1909f56bfc062723c751e8b465ee728b)
Start importing Assets/objects/Charsprites/idle4/hurtidle_13_15.png using Guid(103e4a9898dbe08409bfaf598900181f) Importer(815301076,1909f56bfc062723c751e8b465ee728b) [PhysX] Initialized MultithreadedTaskDispatcher with 12 workers.
[PhysX] Initialized MultithreadedTaskDispatcher with 12 workers.
 -> (artifact id: '5045c819477935117f5fdb796bef6bce') in 0.009539 seconds
Number of updated asset objects reloaded before import = 0
Number of asset objects unloaded after import = 3
========================================================================
Received Import Request.
  Time since last request: 0.000022 seconds.
  path: Assets/objects/Charsprites/idle4/hurtidle_17.png
  artifactKey: Guid(8bf4f1a9b650bfd49a15624bfc927e28) Importer(815301076,1909f56bfc062723c751e8b465ee728b)
Start importing Assets/objects/Charsprites/idle4/hurtidle_17.png using Guid(8bf4f1a9b650bfd49a15624bfc927e28) Importer(815301076,1909f56bfc062723c751e8b465ee728b) [PhysX] Initialized MultithreadedTaskDispatcher with 12 workers.
[PhysX] Initialized MultithreadedTaskDispatcher with 12 workers.
 -> (artifact id: 'debe4d93d0df23d0cc2ee34657918b16') in 0.011515 seconds
Number of updated asset objects reloaded before import = 0
Number of asset objects unloaded after import = 3
========================================================================
Received Import Request.
  Time since last request: 0.000014 seconds.
  path: Assets/objects/Charsprites/idle4/hurtidle_04.png
  artifactKey: Guid(19474f4dda8312447beaf846e727920d) Importer(815301076,1909f56bfc062723c751e8b465ee728b)
Start importing Assets/objects/Charsprites/idle4/hurtidle_04.png using Guid(19474f4dda8312447beaf846e727920d) Importer(815301076,1909f56bfc062723c751e8b465ee728b) [PhysX] Initialized MultithreadedTaskDispatcher with 12 workers.
[PhysX] Initialized MultithreadedTaskDispatcher with 12 workers.
 -> (artifact id: 'e9585140d12cdb5b9644b961748839c8') in 0.012072 seconds
Number of updated asset objects reloaded before import = 0
Number of asset objects unloaded after import = 3
========================================================================
Received Import Request.
  Time since last request: 0.000019 seconds.
  path: Assets/objects/Charsprites/idle4/hurtidle_02.png
  artifactKey: Guid(df10bf420cddcbe438100627685abd63) Importer(815301076,1909f56bfc062723c751e8b465ee728b)
Start importing Assets/objects/Charsprites/idle4/hurtidle_02.png using Guid(df10bf420cddcbe438100627685abd63) Importer(815301076,1909f56bfc062723c751e8b465ee728b) [PhysX] Initialized MultithreadedTaskDispatcher with 12 workers.
[PhysX] Initialized MultithreadedTaskDispatcher with 12 workers.
 -> (artifact id: '5d529f6c53ff4799a7a13c881dafa51d') in 0.011740 seconds
Number of updated asset objects reloaded before import = 0
Number of asset objects unloaded after import = 3
========================================================================
Received Import Request.
  Time since last request: 0.000017 seconds.
  path: Assets/objects/Charsprites/idle4/hurtidle_16.png
  artifactKey: Guid(6e81760a1639b694fb5b3859f7297636) Importer(815301076,1909f56bfc062723c751e8b465ee728b)
Start importing Assets/objects/Charsprites/idle4/hurtidle_16.png using Guid(6e81760a1639b694fb5b3859f7297636) Importer(815301076,1909f56bfc062723c751e8b465ee728b) [PhysX] Initialized MultithreadedTaskDispatcher with 12 workers.
[PhysX] Initialized MultithreadedTaskDispatcher with 12 workers.
 -> (artifact id: '54fb07f95b4ebaaee1ec8a3470d99e2f') in 0.009371 seconds
Number of updated asset objects reloaded before import = 0
Number of asset objects unloaded after import = 3
========================================================================
Received Import Request.
  Time since last request: 0.181373 seconds.
  path: Assets/objects/Charsprites/idle3/idle2_00.png
  artifactKey: Guid(8cf46b9a4c7fc014d93e4bc1e6d3600f) Importer(815301076,1909f56bfc062723c751e8b465ee728b)
Start importing Assets/objects/Charsprites/idle3/idle2_00.png using Guid(8cf46b9a4c7fc014d93e4bc1e6d3600f) Importer(815301076,1909f56bfc062723c751e8b465ee728b) [PhysX] Initialized MultithreadedTaskDispatcher with 12 workers.
[PhysX] Initialized MultithreadedTaskDispatcher with 12 workers.
 -> (artifact id: 'c21c93ad2122758cf442da04bb5bdaa3') in 0.011668 seconds
Number of updated asset objects reloaded before import = 0
Number of asset objects unloaded after import = 3
========================================================================
Received Import Request.
  Time since last request: 0.000018 seconds.
  path: Assets/objects/Charsprites/idle3/idle2_06.png
  artifactKey: Guid(5c7772a8b3d851a4eb356cbe9c6652f9) Importer(815301076,1909f56bfc062723c751e8b465ee728b)
Start importing Assets/objects/Charsprites/idle3/idle2_06.png using Guid(5c7772a8b3d851a4eb356cbe9c6652f9) Importer(815301076,1909f56bfc062723c751e8b465ee728b) [PhysX] Initialized MultithreadedTaskDispatcher with 12 workers.
[PhysX] Initialized MultithreadedTaskDispatcher with 12 workers.
 -> (artifact id: '4ac8614bc16adb93415f3dce8826c79d') in 0.011617 seconds
Number of updated asset objects reloaded before import = 0
Number of asset objects unloaded after import = 3
========================================================================
Received Import Request.
  Time since last request: 0.000017 seconds.
  path: Assets/objects/Charsprites/idle/idle_00.png
  artifactKey: Guid(b876498d1e022fb49b8782b118525ed8) Importer(815301076,1909f56bfc062723c751e8b465ee728b)
Start importing Assets/objects/Charsprites/idle/idle_00.png using Guid(b876498d1e022fb49b8782b118525ed8) Importer(815301076,1909f56bfc062723c751e8b465ee728b) [PhysX] Initialized MultithreadedTaskDispatcher with 12 workers.
[PhysX] Initialized MultithreadedTaskDispatcher with 12 workers.
 -> (artifact id: '5dc978bee1f431b71f6d73000b337cd5') in 0.013140 seconds
Number of updated asset objects reloaded before import = 0
Number of asset objects unloaded after import = 3
========================================================================
Received Import Request.
  Time since last request: 0.000019 seconds.
  path: Assets/objects/Charsprites/idle/idle_03.png
  artifactKey: Guid(ed044f903458f7749b75e9af2271ce97) Importer(815301076,1909f56bfc062723c751e8b465ee728b)
Start importing Assets/objects/Charsprites/idle/idle_03.png using Guid(ed044f903458f7749b75e9af2271ce97) Importer(815301076,1909f56bfc062723c751e8b465ee728b) [PhysX] Initialized MultithreadedTaskDispatcher with 12 workers.
[PhysX] Initialized MultithreadedTaskDispatcher with 12 workers.
 -> (artifact id: 'e1513163ec8b5aec8ce4392a14e82f97') in 0.009990 seconds
Number of updated asset objects reloaded before import = 0
Number of asset objects unloaded after import = 3
========================================================================
Received Import Request.
  Time since last request: 0.000018 seconds.
  path: Assets/objects/Charsprites/idle/idle_05-08.png
  artifactKey: Guid(cd0978172898d404ab11da95e6cbbe33) Importer(815301076,1909f56bfc062723c751e8b465ee728b)
Start importing Assets/objects/Charsprites/idle/idle_05-08.png using Guid(cd0978172898d404ab11da95e6cbbe33) Importer(815301076,1909f56bfc062723c751e8b465ee728b) [PhysX] Initialized MultithreadedTaskDispatcher with 12 workers.
[PhysX] Initialized MultithreadedTaskDispatcher with 12 workers.
 -> (artifact id: 'c15caa2f7e2384fab1991c7ac0fae03b') in 0.012718 seconds
Number of updated asset objects reloaded before import = 0
Number of asset objects unloaded after import = 3
========================================================================
Received Import Request.
  Time since last request: 0.000018 seconds.
  path: Assets/objects/Charsprites/idle3/idle2_04.png
  artifactKey: Guid(b0cc3ee2b5e0dfb47a3561dfeb166d84) Importer(815301076,1909f56bfc062723c751e8b465ee728b)
Start importing Assets/objects/Charsprites/idle3/idle2_04.png using Guid(b0cc3ee2b5e0dfb47a3561dfeb166d84) Importer(815301076,1909f56bfc062723c751e8b465ee728b) [PhysX] Initialized MultithreadedTaskDispatcher with 12 workers.
[PhysX] Initialized MultithreadedTaskDispatcher with 12 workers.
 -> (artifact id: '153ebc7d8d416714b31ea10353bbe85d') in 0.010288 seconds
Number of updated asset objects reloaded before import = 0
Number of asset objects unloaded after import = 3
========================================================================
Received Import Request.
  Time since last request: 0.000053 seconds.
  path: Assets/objects/Charsprites/idle3/idle2_05.png
  artifactKey: Guid(446bc9424505a7a439eee9191e364a01) Importer(815301076,1909f56bfc062723c751e8b465ee728b)
Start importing Assets/objects/Charsprites/idle3/idle2_05.png using Guid(446bc9424505a7a439eee9191e364a01) Importer(815301076,1909f56bfc062723c751e8b465ee728b) [PhysX] Initialized MultithreadedTaskDispatcher with 12 workers.
[PhysX] Initialized MultithreadedTaskDispatcher with 12 workers.
 -> (artifact id: '7b287546b5ca5b4386985872bfd502b9') in 0.010703 seconds
Number of updated asset objects reloaded before import = 0
Number of asset objects unloaded after import = 3
========================================================================
Received Import Request.
  Time since last request: 0.000018 seconds.
  path: Assets/objects/Charsprites/mach3/mach3jump_04.png
  artifactKey: Guid(6af946b67e9343d4da6870d2559c13aa) Importer(815301076,1909f56bfc062723c751e8b465ee728b)
Start importing Assets/objects/Charsprites/mach3/mach3jump_04.png using Guid(6af946b67e9343d4da6870d2559c13aa) Importer(815301076,1909f56bfc062723c751e8b465ee728b) [PhysX] Initialized MultithreadedTaskDispatcher with 12 workers.
[PhysX] Initialized MultithreadedTaskDispatcher with 12 workers.
 -> (artifact id: 'c1cf4a5230530841231ddcd317f42615') in 0.012153 seconds
Number of updated asset objects reloaded before import = 0
Number of asset objects unloaded after import = 3
========================================================================
Received Import Request.
  Time since last request: 0.000028 seconds.
  path: Assets/objects/Charsprites/idle/idle_20.png
  artifactKey: Guid(bb7b8021325e91d48815f640b05f4254) Importer(815301076,1909f56bfc062723c751e8b465ee728b)
Start importing Assets/objects/Charsprites/idle/idle_20.png using Guid(bb7b8021325e91d48815f640b05f4254) Importer(815301076,1909f56bfc062723c751e8b465ee728b) [PhysX] Initialized MultithreadedTaskDispatcher with 12 workers.
[PhysX] Initialized MultithreadedTaskDispatcher with 12 workers.
 -> (artifact id: 'f3a491f64e80610b31a54671305bf639') in 0.011006 seconds
Number of updated asset objects reloaded before import = 0
Number of asset objects unloaded after import = 3
========================================================================
Received Import Request.
  Time since last request: 0.000029 seconds.
  path: Assets/objects/Charsprites/idle/idle_13.png
  artifactKey: Guid(b614a8c0817c38d4291e01e5b5e74479) Importer(815301076,1909f56bfc062723c751e8b465ee728b)
Start importing Assets/objects/Charsprites/idle/idle_13.png using Guid(b614a8c0817c38d4291e01e5b5e74479) Importer(815301076,1909f56bfc062723c751e8b465ee728b) [PhysX] Initialized MultithreadedTaskDispatcher with 12 workers.
[PhysX] Initialized MultithreadedTaskDispatcher with 12 workers.
 -> (artifact id: 'c3806031a3d4ca7d85ce5cd244d3c02b') in 0.010581 seconds
Number of updated asset objects reloaded before import = 0
Number of asset objects unloaded after import = 3
========================================================================
Received Import Request.
  Time since last request: 0.000021 seconds.
  path: Assets/objects/Charsprites/idle/idle_18.png
  artifactKey: Guid(5bc55b0e30e794a4a9a560b2e646f084) Importer(815301076,1909f56bfc062723c751e8b465ee728b)
Start importing Assets/objects/Charsprites/idle/idle_18.png using Guid(5bc55b0e30e794a4a9a560b2e646f084) Importer(815301076,1909f56bfc062723c751e8b465ee728b) [PhysX] Initialized MultithreadedTaskDispatcher with 12 workers.
[PhysX] Initialized MultithreadedTaskDispatcher with 12 workers.
 -> (artifact id: '5148d08a13841fb36572f64ca746e1a4') in 0.010406 seconds
Number of updated asset objects reloaded before import = 0
Number of asset objects unloaded after import = 3
========================================================================
Received Import Request.
  Time since last request: 0.000021 seconds.
  path: Assets/objects/Charsprites/idle/idle_12.png
  artifactKey: Guid(3b36d53076c671c4087e7954d9136ab3) Importer(815301076,1909f56bfc062723c751e8b465ee728b)
Start importing Assets/objects/Charsprites/idle/idle_12.png using Guid(3b36d53076c671c4087e7954d9136ab3) Importer(815301076,1909f56bfc062723c751e8b465ee728b) [PhysX] Initialized MultithreadedTaskDispatcher with 12 workers.
[PhysX] Initialized MultithreadedTaskDispatcher with 12 workers.
 -> (artifact id: '7feb643c7d28ee8fab1f857a8f6c7dd7') in 0.011134 seconds
Number of updated asset objects reloaded before import = 0
Number of asset objects unloaded after import = 3
========================================================================
Received Import Request.
  Time since last request: 0.000021 seconds.
  path: Assets/objects/Charsprites/idle/idle_14.png
  artifactKey: Guid(49c6f09f2f303564bb7146e7b885dee0) Importer(815301076,1909f56bfc062723c751e8b465ee728b)
Start importing Assets/objects/Charsprites/idle/idle_14.png using Guid(49c6f09f2f303564bb7146e7b885dee0) Importer(815301076,1909f56bfc062723c751e8b465ee728b) [PhysX] Initialized MultithreadedTaskDispatcher with 12 workers.
[PhysX] Initialized MultithreadedTaskDispatcher with 12 workers.
 -> (artifact id: 'a249f50129203b6b5aebd593feb439f9') in 0.012594 seconds
Number of updated asset objects reloaded before import = 0
Number of asset objects unloaded after import = 3
Editor requested this worker to shutdown with reason: Scaling down because of idle timeout
TcpMessagingSession - receive error: operation aborted. errorcode: 995, details: The I/O operation has been aborted because of either a thread exit or an application request.
AssetImportWorker is now disconnected from the server
Process exiting
Exiting without the bug reporter. Application will terminate with return code 0